*** Starting uWSGI 2.0.21 (64bit) on [Mon Nov 14 17:38:47 2022] ***
compiled with version: 11.3.0 on 14 November 2022 15:52:00
os: Linux-5.15.0-52-generic #58-Ubuntu SMP Thu Oct 13 08:03:55 UTC 2022
nodename: uebuntuserver
machine: x86_64
clock source: unix
detected number of CPU cores: 2
current working directory: /home/localadmin/myWeb
detected binary path: /home/localadmin/env/ms/bin/uwsgi
!!! no internal routing support, rebuild with pcre support !!!
chdir() to /home/localadmin/myWeb/
your processes number limit is 14529
your memory page size is 4096 bytes
detected max file descriptor number: 1024
lock engine: pthread robust mutexes
thunder lock: disabled (you can enable it with --thunder-lock)
uwsgi socket 0 bound to UNIX address /home/localadmin/myWeb/myWeb.sock fd 3
Python version: 3.10.6 (main, Nov  2 2022, 18:53:38) [GCC 11.3.0]
PEP 405 virtualenv detected: /home/localadmin/env/ms
Set PythonHome to /home/localadmin/env/ms
*** Python threads support is disabled. You can enable it with --enable-threads ***
Python main interpreter initialized at 0x55d8a702a840
your server socket listen backlog is limited to 100 connections
your mercy for graceful operations on workers is 60 seconds
mapped 802120 bytes (783 KB) for 10 cores
*** Operational MODE: preforking ***
WSGI app 0 (mountpoint='') ready in 0 seconds on interpreter 0x55d8a702a840 pid: 2814 (default app)
*** uWSGI is running in multiple interpreter mode ***
spawned uWSGI master process (pid: 2814)
spawned uWSGI worker 1 (pid: 2815, cores: 1)
spawned uWSGI worker 2 (pid: 2816, cores: 1)
spawned uWSGI worker 3 (pid: 2817, cores: 1)
spawned uWSGI worker 4 (pid: 2818, cores: 1)
spawned uWSGI worker 5 (pid: 2819, cores: 1)
spawned uWSGI worker 6 (pid: 2820, cores: 1)
spawned uWSGI worker 7 (pid: 2821, cores: 1)
spawned uWSGI worker 8 (pid: 2822, cores: 1)
spawned uWSGI worker 9 (pid: 2823, cores: 1)
spawned uWSGI worker 10 (pid: 2824, cores: 1)
[pid: 2824|app: 0|req: 1/1] 192.168.1.7 () {42 vars in 750 bytes} [Mon Nov 14 17:39:39 2022] GET / => generated 10681 bytes in 33 msecs (HTTP/1.1 200) 6 headers in 209 bytes (2 switches on core 0)
[pid: 2823|app: 0|req: 1/2] 192.168.1.7 () {44 vars in 772 bytes} [Mon Nov 14 17:39:49 2022] GET / => generated 10681 bytes in 35 msecs (HTTP/1.1 200) 6 headers in 209 bytes (2 switches on core 0)
Not Found: /favicon.ico
[pid: 2824|app: 0|req: 2/3] 192.168.1.7 () {44 vars in 724 bytes} [Mon Nov 14 17:39:49 2022] GET /favicon.ico => generated 2107 bytes in 23 msecs (HTTP/1.1 404) 6 headers in 215 bytes (2 switches on core 0)
...brutally killing workers...
Gracefully killing worker 8 (pid: 2822)...
Gracefully killing worker 2 (pid: 2816)...
Gracefully killing worker 3 (pid: 2817)...
Gracefully killing worker 1 (pid: 2815)...
worker 1 buried after 1 seconds
worker 2 buried after 1 seconds
worker 3 buried after 1 seconds
worker 4 buried after 1 seconds
worker 5 buried after 1 seconds
worker 6 buried after 1 seconds
worker 7 buried after 1 seconds
worker 8 buried after 1 seconds
worker 9 buried after 1 seconds
worker 10 buried after 1 seconds
binary reloading uWSGI...
chdir() to /home/localadmin/myWeb
closing all non-uwsgi socket fds > 2 (max_fd = 1024)...
found fd 3 mapped to socket 0 (/home/localadmin/myWeb/myWeb.sock)
running /home/localadmin/env/ms/bin/uwsgi
[uWSGI] getting INI configuration from myWeb_uwsgi.ini
*** Starting uWSGI 2.0.21 (64bit) on [Mon Nov 14 17:44:09 2022] ***
compiled with version: 11.3.0 on 14 November 2022 15:52:00
os: Linux-5.15.0-52-generic #58-Ubuntu SMP Thu Oct 13 08:03:55 UTC 2022
nodename: uebuntuserver
machine: x86_64
clock source: unix
detected number of CPU cores: 2
current working directory: /home/localadmin/myWeb
detected binary path: /home/localadmin/env/ms/bin/uwsgi
!!! no internal routing support, rebuild with pcre support !!!
chdir() to /home/localadmin/myWeb/
your processes number limit is 14529
your memory page size is 4096 bytes
detected max file descriptor number: 1024
lock engine: pthread robust mutexes
thunder lock: disabled (you can enable it with --thunder-lock)
uwsgi socket 0 inherited UNIX address /home/localadmin/myWeb/myWeb.sock fd 3
Python version: 3.10.6 (main, Nov  2 2022, 18:53:38) [GCC 11.3.0]
PEP 405 virtualenv detected: /home/localadmin/env/ms
Set PythonHome to /home/localadmin/env/ms
*** Python threads support is disabled. You can enable it with --enable-threads ***
Python main interpreter initialized at 0x55a6d7469640
your server socket listen backlog is limited to 100 connections
your mercy for graceful operations on workers is 60 seconds
mapped 802120 bytes (783 KB) for 10 cores
*** Operational MODE: preforking ***
WSGI app 0 (mountpoint='') ready in 1 seconds on interpreter 0x55a6d7469640 pid: 2814 (default app)
*** uWSGI is running in multiple interpreter mode ***
gracefully (RE)spawned uWSGI master process (pid: 2814)
spawned uWSGI worker 1 (pid: 3368, cores: 1)
spawned uWSGI worker 2 (pid: 3369, cores: 1)
spawned uWSGI worker 3 (pid: 3370, cores: 1)
spawned uWSGI worker 4 (pid: 3371, cores: 1)
spawned uWSGI worker 5 (pid: 3372, cores: 1)
spawned uWSGI worker 6 (pid: 3373, cores: 1)
spawned uWSGI worker 7 (pid: 3374, cores: 1)
spawned uWSGI worker 8 (pid: 3375, cores: 1)
spawned uWSGI worker 9 (pid: 3376, cores: 1)
spawned uWSGI worker 10 (pid: 3377, cores: 1)
*** Starting uWSGI 2.0.21 (64bit) on [Mon Nov 14 17:53:37 2022] ***
compiled with version: 11.3.0 on 14 November 2022 15:52:00
os: Linux-5.15.0-52-generic #58-Ubuntu SMP Thu Oct 13 08:03:55 UTC 2022
nodename: uebuntuserver
machine: x86_64
clock source: unix
detected number of CPU cores: 2
current working directory: /home/localadmin/env/ms/vassals
detected binary path: /home/localadmin/env/ms/bin/uwsgi
!!! no internal routing support, rebuild with pcre support !!!
chdir() to /home/localadmin/myWeb/
your processes number limit is 14529
your memory page size is 4096 bytes
detected max file descriptor number: 1024
lock engine: pthread robust mutexes
thunder lock: disabled (you can enable it with --thunder-lock)
uwsgi socket 0 bound to UNIX address /home/localadmin/myWeb/myWeb.sock fd 3
Python version: 3.10.6 (main, Nov  2 2022, 18:53:38) [GCC 11.3.0]
PEP 405 virtualenv detected: /home/localadmin/env/ms
Set PythonHome to /home/localadmin/env/ms
*** Python threads support is disabled. You can enable it with --enable-threads ***
Python main interpreter initialized at 0x5598f2ad2760
your server socket listen backlog is limited to 100 connections
your mercy for graceful operations on workers is 60 seconds
mapped 802120 bytes (783 KB) for 10 cores
*** Operational MODE: preforking ***
WSGI app 0 (mountpoint='') ready in 3 seconds on interpreter 0x5598f2ad2760 pid: 1086 (default app)
*** uWSGI is running in multiple interpreter mode ***
spawned uWSGI master process (pid: 1086)
spawned uWSGI worker 1 (pid: 1087, cores: 1)
spawned uWSGI worker 2 (pid: 1088, cores: 1)
spawned uWSGI worker 3 (pid: 1089, cores: 1)
spawned uWSGI worker 4 (pid: 1090, cores: 1)
spawned uWSGI worker 5 (pid: 1091, cores: 1)
spawned uWSGI worker 6 (pid: 1092, cores: 1)
spawned uWSGI worker 7 (pid: 1093, cores: 1)
spawned uWSGI worker 8 (pid: 1094, cores: 1)
spawned uWSGI worker 9 (pid: 1095, cores: 1)
spawned uWSGI worker 10 (pid: 1096, cores: 1)
[pid: 1092|app: 0|req: 1/1] 192.168.1.7 () {42 vars in 750 bytes} [Mon Nov 14 17:53:51 2022] GET / => generated 10681 bytes in 64 msecs (HTTP/1.1 200) 6 headers in 209 bytes (2 switches on core 0)
announcing my loyalty to the Emperor...
SIGINT/SIGTERM received...killing workers...
Mon Nov 14 17:54:33 2022 - received message 0 from emperor
worker 1 buried after 1 seconds
worker 2 buried after 1 seconds
worker 3 buried after 1 seconds
worker 4 buried after 1 seconds
worker 5 buried after 1 seconds
worker 6 buried after 1 seconds
worker 7 buried after 1 seconds
worker 8 buried after 1 seconds
worker 9 buried after 1 seconds
worker 10 buried after 1 seconds
goodbye to uWSGI.
VACUUM: unix socket /home/localadmin/myWeb/myWeb.sock removed.
*** Starting uWSGI 2.0.21 (64bit) on [Mon Nov 14 18:02:55 2022] ***
compiled with version: 11.3.0 on 14 November 2022 15:52:00
os: Linux-5.15.0-52-generic #58-Ubuntu SMP Thu Oct 13 08:03:55 UTC 2022
nodename: uebuntuserver
machine: x86_64
clock source: unix
detected number of CPU cores: 2
current working directory: /home/localadmin/env/ms/vassals
detected binary path: /home/localadmin/env/ms/bin/uwsgi
!!! no internal routing support, rebuild with pcre support !!!
chdir() to /home/localadmin/myWeb/
your processes number limit is 14529
your memory page size is 4096 bytes
detected max file descriptor number: 1024
lock engine: pthread robust mutexes
thunder lock: disabled (you can enable it with --thunder-lock)
uwsgi socket 0 bound to UNIX address /home/localadmin/myWeb/myWeb.sock fd 3
Python version: 3.10.6 (main, Nov  2 2022, 18:53:38) [GCC 11.3.0]
PEP 405 virtualenv detected: /home/localadmin/env/ms
Set PythonHome to /home/localadmin/env/ms
*** Python threads support is disabled. You can enable it with --enable-threads ***
Python main interpreter initialized at 0x55fb5e7c7ad0
your server socket listen backlog is limited to 100 connections
your mercy for graceful operations on workers is 60 seconds
mapped 802120 bytes (783 KB) for 10 cores
*** Operational MODE: preforking ***
WSGI app 0 (mountpoint='') ready in 1 seconds on interpreter 0x55fb5e7c7ad0 pid: 1197 (default app)
*** uWSGI is running in multiple interpreter mode ***
spawned uWSGI master process (pid: 1197)
spawned uWSGI worker 1 (pid: 1198, cores: 1)
spawned uWSGI worker 2 (pid: 1199, cores: 1)
spawned uWSGI worker 3 (pid: 1200, cores: 1)
spawned uWSGI worker 4 (pid: 1201, cores: 1)
spawned uWSGI worker 5 (pid: 1202, cores: 1)
spawned uWSGI worker 6 (pid: 1203, cores: 1)
spawned uWSGI worker 7 (pid: 1204, cores: 1)
spawned uWSGI worker 8 (pid: 1205, cores: 1)
spawned uWSGI worker 9 (pid: 1206, cores: 1)
spawned uWSGI worker 10 (pid: 1207, cores: 1)
[pid: 1204|app: 0|req: 1/1] 192.168.1.7 () {42 vars in 750 bytes} [Mon Nov 14 18:03:32 2022] GET / => generated 10681 bytes in 34 msecs (HTTP/1.1 200) 6 headers in 209 bytes (1 switches on core 0)
announcing my loyalty to the Emperor...
...brutally killing workers...
Mon Nov 14 18:03:58 2022 - received message 0 from emperor
worker 1 buried after 1 seconds
worker 2 buried after 1 seconds
worker 3 buried after 1 seconds
worker 4 buried after 1 seconds
worker 5 buried after 1 seconds
worker 6 buried after 1 seconds
worker 7 buried after 1 seconds
worker 8 buried after 1 seconds
worker 9 buried after 1 seconds
worker 10 buried after 1 seconds
binary reloading uWSGI...
chdir() to /home/localadmin/env/ms/vassals
closing all non-uwsgi socket fds > 2 (max_fd = 1024)...
found fd 3 mapped to socket 0 (/home/localadmin/myWeb/myWeb.sock)
running /home/localadmin/env/ms/bin/uwsgi
*** has_emperor mode detected (fd: 6) ***
[uWSGI] getting INI configuration from myWeb_uwsgi.ini
*** Starting uWSGI 2.0.21 (64bit) on [Mon Nov 14 18:03:59 2022] ***
compiled with version: 11.3.0 on 14 November 2022 15:52:00
os: Linux-5.15.0-52-generic #58-Ubuntu SMP Thu Oct 13 08:03:55 UTC 2022
nodename: uebuntuserver
machine: x86_64
clock source: unix
detected number of CPU cores: 2
current working directory: /home/localadmin/env/ms/vassals
detected binary path: /home/localadmin/env/ms/bin/uwsgi
!!! no internal routing support, rebuild with pcre support !!!
chdir() to /home/localadmin/myWeb/
your processes number limit is 14529
your memory page size is 4096 bytes
detected max file descriptor number: 1024
lock engine: pthread robust mutexes
thunder lock: disabled (you can enable it with --thunder-lock)
uwsgi socket 0 inherited UNIX address /home/localadmin/myWeb/myWeb.sock fd 3
Python version: 3.10.6 (main, Nov  2 2022, 18:53:38) [GCC 11.3.0]
PEP 405 virtualenv detected: /home/localadmin/env/ms
Set PythonHome to /home/localadmin/env/ms
*** Python threads support is disabled. You can enable it with --enable-threads ***
Python main interpreter initialized at 0x560caabbea30
your server socket listen backlog is limited to 100 connections
your mercy for graceful operations on workers is 60 seconds
mapped 802120 bytes (783 KB) for 10 cores
*** Operational MODE: preforking ***
WSGI app 0 (mountpoint='') ready in 1 seconds on interpreter 0x560caabbea30 pid: 1197 (default app)
*** uWSGI is running in multiple interpreter mode ***
gracefully (RE)spawned uWSGI master process (pid: 1197)
spawned uWSGI worker 1 (pid: 1744, cores: 1)
spawned uWSGI worker 2 (pid: 1745, cores: 1)
emperor-i-am-ready-to-accept/write(): Bad file descriptor [core/uwsgi.c line 3578]
Mon Nov 14 18:04:00 2022 - lost communication with the Emperor, goodbye...
Mon Nov 14 18:04:00 2022 - graceful shutdown triggered...
Gracefully killing worker 1 (pid: 1744)...
spawned uWSGI worker 3 (pid: 1746, cores: 1)
spawned uWSGI worker 4 (pid: 1747, cores: 1)
spawned uWSGI worker 5 (pid: 1748, cores: 1)
spawned uWSGI worker 6 (pid: 1749, cores: 1)
spawned uWSGI worker 7 (pid: 1750, cores: 1)
spawned uWSGI worker 8 (pid: 1751, cores: 1)
spawned uWSGI worker 9 (pid: 1752, cores: 1)
spawned uWSGI worker 10 (pid: 1753, cores: 1)
worker 1 killed successfully (pid: 1744)
Respawned uWSGI worker 1 (new pid: 1754)
emperor-i-am-ready-to-accept/write(): Bad file descriptor [core/uwsgi.c line 3578]
Mon Nov 14 18:04:01 2022 - lost communication with the Emperor, goodbye...
Mon Nov 14 18:04:01 2022 - graceful shutdown triggered...
Gracefully killing worker 1 (pid: 1754)...
worker 1 killed successfully (pid: 1754)
Respawned uWSGI worker 1 (new pid: 1755)
emperor-i-am-ready-to-accept/write(): Bad file descriptor [core/uwsgi.c line 3578]
Mon Nov 14 18:04:02 2022 - lost communication with the Emperor, goodbye...
Mon Nov 14 18:04:02 2022 - graceful shutdown triggered...
Gracefully killing worker 1 (pid: 1755)...
worker 1 killed successfully (pid: 1755)
Respawned uWSGI worker 1 (new pid: 1756)
emperor-i-am-ready-to-accept/write(): Bad file descriptor [core/uwsgi.c line 3578]
Mon Nov 14 18:04:03 2022 - lost communication with the Emperor, goodbye...
Mon Nov 14 18:04:03 2022 - graceful shutdown triggered...
Gracefully killing worker 1 (pid: 1756)...
worker 1 killed successfully (pid: 1756)
Respawned uWSGI worker 1 (new pid: 1757)
emperor-i-am-ready-to-accept/write(): Bad file descriptor [core/uwsgi.c line 3578]
Mon Nov 14 18:04:04 2022 - lost communication with the Emperor, goodbye...
Mon Nov 14 18:04:04 2022 - graceful shutdown triggered...
Gracefully killing worker 1 (pid: 1757)...
worker 1 killed successfully (pid: 1757)
Respawned uWSGI worker 1 (new pid: 1758)
emperor-i-am-ready-to-accept/write(): Bad file descriptor [core/uwsgi.c line 3578]
Mon Nov 14 18:04:05 2022 - lost communication with the Emperor, goodbye...
Mon Nov 14 18:04:05 2022 - graceful shutdown triggered...
Gracefully killing worker 1 (pid: 1758)...
worker 1 killed successfully (pid: 1758)
Respawned uWSGI worker 1 (new pid: 1759)
emperor-i-am-ready-to-accept/write(): Bad file descriptor [core/uwsgi.c line 3578]
Mon Nov 14 18:04:06 2022 - lost communication with the Emperor, goodbye...
Mon Nov 14 18:04:06 2022 - graceful shutdown triggered...
Gracefully killing worker 1 (pid: 1759)...
worker 1 killed successfully (pid: 1759)
Respawned uWSGI worker 1 (new pid: 1760)
emperor-i-am-ready-to-accept/write(): Bad file descriptor [core/uwsgi.c line 3578]
Mon Nov 14 18:04:07 2022 - lost communication with the Emperor, goodbye...
Mon Nov 14 18:04:07 2022 - graceful shutdown triggered...
Gracefully killing worker 1 (pid: 1760)...
worker 1 killed successfully (pid: 1760)
Respawned uWSGI worker 1 (new pid: 1761)
emperor-i-am-ready-to-accept/write(): Bad file descriptor [core/uwsgi.c line 3578]
Mon Nov 14 18:04:08 2022 - lost communication with the Emperor, goodbye...
Mon Nov 14 18:04:08 2022 - graceful shutdown triggered...
Gracefully killing worker 1 (pid: 1761)...
worker 1 killed successfully (pid: 1761)
Respawned uWSGI worker 1 (new pid: 1762)
emperor-i-am-ready-to-accept/write(): Bad file descriptor [core/uwsgi.c line 3578]
Mon Nov 14 18:04:09 2022 - lost communication with the Emperor, goodbye...
Mon Nov 14 18:04:09 2022 - graceful shutdown triggered...
Gracefully killing worker 1 (pid: 1762)...
worker 1 killed successfully (pid: 1762)
Respawned uWSGI worker 1 (new pid: 1763)
emperor-i-am-ready-to-accept/write(): Bad file descriptor [core/uwsgi.c line 3578]
Mon Nov 14 18:04:10 2022 - lost communication with the Emperor, goodbye...
Mon Nov 14 18:04:10 2022 - graceful shutdown triggered...
Gracefully killing worker 1 (pid: 1763)...
worker 1 killed successfully (pid: 1763)
worker respawning too fast !!! i have to sleep a bit (2 seconds)...
Respawned uWSGI worker 1 (new pid: 1764)
emperor-i-am-ready-to-accept/write(): Bad file descriptor [core/uwsgi.c line 3578]
Mon Nov 14 18:04:13 2022 - lost communication with the Emperor, goodbye...
Mon Nov 14 18:04:13 2022 - graceful shutdown triggered...
Gracefully killing worker 1 (pid: 1764)...
worker 1 killed successfully (pid: 1764)
Respawned uWSGI worker 1 (new pid: 1765)
emperor-i-am-ready-to-accept/write(): Bad file descriptor [core/uwsgi.c line 3578]
Mon Nov 14 18:04:14 2022 - lost communication with the Emperor, goodbye...
Mon Nov 14 18:04:14 2022 - graceful shutdown triggered...
Gracefully killing worker 1 (pid: 1765)...
worker 1 killed successfully (pid: 1765)
Respawned uWSGI worker 1 (new pid: 1766)
emperor-i-am-ready-to-accept/write(): Bad file descriptor [core/uwsgi.c line 3578]
Mon Nov 14 18:04:15 2022 - lost communication with the Emperor, goodbye...
Mon Nov 14 18:04:15 2022 - graceful shutdown triggered...
Gracefully killing worker 1 (pid: 1766)...
worker 1 killed successfully (pid: 1766)
Respawned uWSGI worker 1 (new pid: 1767)
emperor-i-am-ready-to-accept/write(): Bad file descriptor [core/uwsgi.c line 3578]
Mon Nov 14 18:04:16 2022 - lost communication with the Emperor, goodbye...
Mon Nov 14 18:04:16 2022 - graceful shutdown triggered...
Gracefully killing worker 1 (pid: 1767)...
worker 1 killed successfully (pid: 1767)
Respawned uWSGI worker 1 (new pid: 1768)
emperor-i-am-ready-to-accept/write(): Bad file descriptor [core/uwsgi.c line 3578]
Mon Nov 14 18:04:17 2022 - lost communication with the Emperor, goodbye...
Mon Nov 14 18:04:17 2022 - graceful shutdown triggered...
Gracefully killing worker 1 (pid: 1768)...
worker 1 killed successfully (pid: 1768)
Respawned uWSGI worker 1 (new pid: 1769)
emperor-i-am-ready-to-accept/write(): Bad file descriptor [core/uwsgi.c line 3578]
Mon Nov 14 18:04:18 2022 - lost communication with the Emperor, goodbye...
Mon Nov 14 18:04:18 2022 - graceful shutdown triggered...
Gracefully killing worker 1 (pid: 1769)...
worker 1 killed successfully (pid: 1769)
Respawned uWSGI worker 1 (new pid: 1770)
emperor-i-am-ready-to-accept/write(): Bad file descriptor [core/uwsgi.c line 3578]
Mon Nov 14 18:04:19 2022 - lost communication with the Emperor, goodbye...
Mon Nov 14 18:04:19 2022 - graceful shutdown triggered...
Gracefully killing worker 1 (pid: 1770)...
worker 1 killed successfully (pid: 1770)
Respawned uWSGI worker 1 (new pid: 1771)
emperor-i-am-ready-to-accept/write(): Bad file descriptor [core/uwsgi.c line 3578]
Mon Nov 14 18:04:20 2022 - lost communication with the Emperor, goodbye...
Mon Nov 14 18:04:20 2022 - graceful shutdown triggered...
Gracefully killing worker 1 (pid: 1771)...
worker 1 killed successfully (pid: 1771)
Respawned uWSGI worker 1 (new pid: 1772)
emperor-i-am-ready-to-accept/write(): Bad file descriptor [core/uwsgi.c line 3578]
Mon Nov 14 18:04:21 2022 - lost communication with the Emperor, goodbye...
Mon Nov 14 18:04:21 2022 - graceful shutdown triggered...
Gracefully killing worker 1 (pid: 1772)...
worker 1 killed successfully (pid: 1772)
Respawned uWSGI worker 1 (new pid: 1773)
emperor-i-am-ready-to-accept/write(): Bad file descriptor [core/uwsgi.c line 3578]
Mon Nov 14 18:04:22 2022 - lost communication with the Emperor, goodbye...
Mon Nov 14 18:04:22 2022 - graceful shutdown triggered...
Gracefully killing worker 1 (pid: 1773)...
worker 1 killed successfully (pid: 1773)
Respawned uWSGI worker 1 (new pid: 1774)
emperor-i-am-ready-to-accept/write(): Bad file descriptor [core/uwsgi.c line 3578]
Mon Nov 14 18:04:23 2022 - lost communication with the Emperor, goodbye...
Mon Nov 14 18:04:23 2022 - graceful shutdown triggered...
Gracefully killing worker 1 (pid: 1774)...
worker 1 killed successfully (pid: 1774)
worker respawning too fast !!! i have to sleep a bit (2 seconds)...
Respawned uWSGI worker 1 (new pid: 1775)
emperor-i-am-ready-to-accept/write(): Bad file descriptor [core/uwsgi.c line 3578]
Mon Nov 14 18:04:26 2022 - lost communication with the Emperor, goodbye...
Mon Nov 14 18:04:26 2022 - graceful shutdown triggered...
Gracefully killing worker 1 (pid: 1775)...
worker 1 killed successfully (pid: 1775)
Respawned uWSGI worker 1 (new pid: 1776)
emperor-i-am-ready-to-accept/write(): Bad file descriptor [core/uwsgi.c line 3578]
Mon Nov 14 18:04:27 2022 - lost communication with the Emperor, goodbye...
Mon Nov 14 18:04:27 2022 - graceful shutdown triggered...
Gracefully killing worker 1 (pid: 1776)...
worker 1 killed successfully (pid: 1776)
Respawned uWSGI worker 1 (new pid: 1777)
emperor-i-am-ready-to-accept/write(): Bad file descriptor [core/uwsgi.c line 3578]
Mon Nov 14 18:04:28 2022 - lost communication with the Emperor, goodbye...
Mon Nov 14 18:04:28 2022 - graceful shutdown triggered...
Gracefully killing worker 1 (pid: 1777)...
*** Starting uWSGI 2.0.21 (64bit) on [Mon Nov 14 18:07:10 2022] ***
compiled with version: 11.3.0 on 14 November 2022 15:52:00
os: Linux-5.15.0-52-generic #58-Ubuntu SMP Thu Oct 13 08:03:55 UTC 2022
nodename: uebuntuserver
machine: x86_64
clock source: unix
detected number of CPU cores: 2
current working directory: /home/localadmin/env/ms/vassals
detected binary path: /home/localadmin/env/ms/bin/uwsgi
!!! no internal routing support, rebuild with pcre support !!!
chdir() to /home/localadmin/myWeb/
your processes number limit is 14529
your memory page size is 4096 bytes
detected max file descriptor number: 1024
lock engine: pthread robust mutexes
thunder lock: disabled (you can enable it with --thunder-lock)
uwsgi socket 0 bound to UNIX address /home/localadmin/myWeb/myWeb.sock fd 3
Python version: 3.10.6 (main, Nov  2 2022, 18:53:38) [GCC 11.3.0]
PEP 405 virtualenv detected: /home/localadmin/env/ms
Set PythonHome to /home/localadmin/env/ms
*** Python threads support is disabled. You can enable it with --enable-threads ***
Python main interpreter initialized at 0x5582544fcad0
your server socket listen backlog is limited to 100 connections
your mercy for graceful operations on workers is 60 seconds
mapped 802120 bytes (783 KB) for 10 cores
*** Operational MODE: preforking ***
WSGI app 0 (mountpoint='') ready in 7 seconds on interpreter 0x5582544fcad0 pid: 797 (default app)
*** uWSGI is running in multiple interpreter mode ***
spawned uWSGI master process (pid: 797)
spawned uWSGI worker 1 (pid: 950, cores: 1)
spawned uWSGI worker 2 (pid: 951, cores: 1)
spawned uWSGI worker 3 (pid: 952, cores: 1)
spawned uWSGI worker 4 (pid: 953, cores: 1)
spawned uWSGI worker 5 (pid: 954, cores: 1)
spawned uWSGI worker 6 (pid: 955, cores: 1)
spawned uWSGI worker 7 (pid: 956, cores: 1)
spawned uWSGI worker 8 (pid: 957, cores: 1)
spawned uWSGI worker 9 (pid: 958, cores: 1)
spawned uWSGI worker 10 (pid: 959, cores: 1)
[pid: 953|app: 0|req: 1/1] 192.168.1.7 () {42 vars in 750 bytes} [Mon Nov 14 18:07:20 2022] GET / => generated 10681 bytes in 67 msecs (HTTP/1.1 200) 6 headers in 209 bytes (1 switches on core 0)
announcing my loyalty to the Emperor...
[pid: 950|app: 0|req: 1/2] 192.168.1.7 () {42 vars in 750 bytes} [Mon Nov 14 18:07:24 2022] GET / => generated 10681 bytes in 18 msecs (HTTP/1.1 200) 6 headers in 209 bytes (1 switches on core 0)
announcing my loyalty to the Emperor...
[pid: 958|app: 0|req: 1/3] 192.168.1.7 () {42 vars in 750 bytes} [Mon Nov 14 18:07:32 2022] GET / => generated 10681 bytes in 34 msecs (HTTP/1.1 200) 6 headers in 209 bytes (1 switches on core 0)
announcing my loyalty to the Emperor...
[pid: 950|app: 0|req: 2/4] 192.168.1.7 () {42 vars in 743 bytes} [Mon Nov 14 18:07:38 2022] GET / => generated 10681 bytes in 6 msecs (HTTP/1.1 200) 6 headers in 209 bytes (1 switches on core 0)
[pid: 950|app: 0|req: 3/5] 192.168.1.7 () {42 vars in 750 bytes} [Mon Nov 14 18:17:47 2022] GET / => generated 10681 bytes in 6 msecs (HTTP/1.1 200) 6 headers in 209 bytes (1 switches on core 0)
[pid: 950|app: 0|req: 4/6] 192.168.1.7 () {42 vars in 743 bytes} [Mon Nov 14 18:18:33 2022] GET / => generated 10681 bytes in 6 msecs (HTTP/1.1 200) 6 headers in 209 bytes (1 switches on core 0)
[pid: 950|app: 0|req: 5/7] 192.168.1.7 () {40 vars in 719 bytes} [Mon Nov 14 18:19:37 2022] GET / => generated 10681 bytes in 5 msecs (HTTP/1.1 200) 6 headers in 209 bytes (1 switches on core 0)
[pid: 950|app: 0|req: 6/8] 192.168.1.7 () {42 vars in 743 bytes} [Mon Nov 14 18:40:41 2022] GET / => generated 10681 bytes in 6 msecs (HTTP/1.1 200) 6 headers in 209 bytes (1 switches on core 0)
Not Found: /favicon.ico
[pid: 950|app: 0|req: 7/9] 192.168.1.7 () {40 vars in 671 bytes} [Mon Nov 14 18:40:43 2022] GET /favicon.ico => generated 2107 bytes in 354 msecs (HTTP/1.1 404) 6 headers in 215 bytes (1 switches on core 0)
